begin, -1
define, -1
IDENTIFIER, 6
begin, -1
integer, -1
IDENTIFIER, 9
integer, -1
IDENTIFIER, 0
end, -1
IDENTIFIER, 6
IDENTIFIER, 1
integer, -1
IDENTIFIER, 7
IDENTIFIER, 9
of, -1
IDENTIFIER, 1
becomes, -1
CONSTANT, 19
IDENTIFIER, 0
of, -1
IDENTIFIER, 1
becomes, -1
CONSTANT, 8
minus, -1
CONSTANT, 3
read, -1
IDENTIFIER, 7
if, -1
IDENTIFIER, 7
smaller, -1
CONSTANT, 19
begin, -1
print, -1
CONSTANT, 4
stop, -1
end, -1
if, -1
IDENTIFIER, 7
smaller, -1
CONSTANT, 11
begin, -1
print, -1
CONSTANT, 19
stop, -1
end, -1
IDENTIFIER, 7
becomes, -1
IDENTIFIER, 7
minus, -1
CONSTANT, 10
each, -1
IDENTIFIER, 5
from, -1
CONSTANT, 19
to, -1
IDENTIFIER, 7
begin, -1
integer, -1
IDENTIFIER, 16
IDENTIFIER, 16
becomes, -1
IDENTIFIER, 9
of, -1
IDENTIFIER, 1
plus, -1
IDENTIFIER, 0
of, -1
IDENTIFIER, 1
if, -1
IDENTIFIER, 5
is, -1
IDENTIFIER, 7
begin, -1
print, -1
IDENTIFIER, 16
stop, -1
end, -1
IDENTIFIER, 9
of, -1
IDENTIFIER, 1
becomes, -1
IDENTIFIER, 0
of, -1
IDENTIFIER, 1
IDENTIFIER, 0
of, -1
IDENTIFIER, 1
becomes, -1
IDENTIFIER, 16
end, -1
